<?xml version="1.0" encoding="UTF-8"?>
<testsuite name="TestSuite" time="36.562" tests="1" errors="0" skipped="0" failures="1">
  <properties>
[...]
</properties>
  <testcase name="testcase1" classname="com.TestScripts.Testcase_1" time="36.562">
    <failure message="chrome not reachable&#10;  (Session info: chrome=80.0.3987.163)&#10;Build info: version: &apos;3.6.0&apos;, revision: &apos;6fbf3ec767&apos;, time: &apos;2017-09-27T15:28:36.4Z&apos;&#10;System info: host: &apos;LAPTOP-POAGQJIB&apos;, ip: &apos;192.168.0.102&apos;, os.name: &apos;Windows 10&apos;, os.arch: &apos;amd64&apos;, os.version: &apos;10.0&apos;, java.version: &apos;1.8.0_241&apos;&#10;Driver info: org.openqa.selenium.chrome.ChromeDriver&#10;Capabilities [{networkConnectionEnabled=false, chrome={chromedriverVersion=80.0.3987.106 (f68069574609230cf9b635cd784cfb1bf81bb53a-refs/branch-heads/3987@{#882}), userDataDir=C:\Users\Pravin\AppData\Local\Temp\scoped_dir12732_550861276}, timeouts={implicit=0, pageLoad=300000, script=30000}, pageLoadStrategy=normal, unhandledPromptBehavior=dismiss and notify, strictFileInteractability=false, platform=WINDOWS, proxy=Proxy(), goog:chromeOptions={debuggerAddress=localhost:56182}, acceptInsecureCerts=false, browserVersion=80.0.3987.163, browserName=chrome, javascriptEnabled=true, platformName=WINDOWS, setWindowRect=true}]&#10;Session ID: ebc509b710b1200397422277c196f1ed&#10;*** Element info: {Using=xpath, value=//input[@name=&apos;email_create&apos;]}" type="org.openqa.selenium.WebDriverException">org.openqa.selenium.WebDriverException: chrome not reachable
  (Session info: chrome=80.0.3987.163)
Build info: version: '3.6.0', revision: '6fbf3ec767', time: '2017-09-27T15:28:36.4Z'
System info: host: 'LAPTOP-POAGQJIB', ip: '192.168.0.102', os.name: 'Windows 10', os.arch: 'amd64', os.version: '10.0', java.version: '1.8.0_241'
Driver info: org.openqa.selenium.chrome.ChromeDriver
Capabilities [{networkConnectionEnabled=false, chrome={chromedriverVersion=80.0.3987.106 (f68069574609230cf9b635cd784cfb1bf81bb53a-refs/branch-heads/3987@{#882}), userDataDir=C:\Users\Pravin\AppData\Local\Temp\scoped_dir12732_550861276}, timeouts={implicit=0, pageLoad=300000, script=30000}, pageLoadStrategy=normal, unhandledPromptBehavior=dismiss and notify, strictFileInteractability=false, platform=WINDOWS, proxy=Proxy(), goog:chromeOptions={debuggerAddress=localhost:56182}, acceptInsecureCerts=false, browserVersion=80.0.3987.163, browserName=chrome, javascriptEnabled=true, platformName=WINDOWS, setWindowRect=true}]
Session ID: ebc509b710b1200397422277c196f1ed
*** Element info: {Using=xpath, value=//input[@name='email_create']}
	at sun.reflect.NativeConstructorAccessorImpl.newInstance0(Native Method)
	at sun.reflect.NativeConstructorAccessorImpl.newInstance(NativeConstructorAccessorImpl.java:62)
	at sun.reflect.DelegatingConstructorAccessorImpl.newInstance(DelegatingConstructorAccessorImpl.java:45)
	at java.lang.reflect.Constructor.newInstance(Constructor.java:423)
	at org.openqa.selenium.remote.http.W3CHttpResponseCodec.createException(W3CHttpResponseCodec.java:185)
	at org.openqa.selenium.remote.http.W3CHttpResponseCodec.decode(W3CHttpResponseCodec.java:120)
	at org.openqa.selenium.remote.http.W3CHttpResponseCodec.decode(W3CHttpResponseCodec.java:49)
	at org.openqa.selenium.remote.HttpCommandExecutor.execute(HttpCommandExecutor.java:164)
	at org.openqa.selenium.remote.service.DriverCommandExecutor.execute(DriverCommandExecutor.java:83)
	at org.openqa.selenium.remote.RemoteWebDriver.execute(RemoteWebDriver.java:586)
	at org.openqa.selenium.remote.RemoteWebDriver.findElements(RemoteWebDriver.java:383)
	at org.openqa.selenium.remote.RemoteWebDriver.findElementsByXPath(RemoteWebDriver.java:462)
	at org.openqa.selenium.By$ByXPath.findElements(By.java:356)
	at org.openqa.selenium.remote.RemoteWebDriver.findElements(RemoteWebDriver.java:344)
	at org.openqa.selenium.support.ui.ExpectedConditions.findElement(ExpectedConditions.java:881)
	at org.openqa.selenium.support.ui.ExpectedConditions.access$000(ExpectedConditions.java:43)
	at org.openqa.selenium.support.ui.ExpectedConditions$7.apply(ExpectedConditions.java:205)
	at org.openqa.selenium.support.ui.ExpectedConditions$7.apply(ExpectedConditions.java:201)
	at org.openqa.selenium.support.ui.ExpectedConditions$22.apply(ExpectedConditions.java:643)
	at org.openqa.selenium.support.ui.ExpectedConditions$22.apply(ExpectedConditions.java:640)
	at org.openqa.selenium.support.ui.FluentWait.until(FluentWait.java:208)
	at com.Util.Util.wait_elementClickable(Util.java:47)
	at com.Pages.AccountPage.accountCreate(AccountPage.java:20)
	at com.TestScripts.Testcase_1.testcase1(Testcase_1.java:37)
</failure>
    <system-out>chrome browser
</system-out>
    <system-err>Starting ChromeDriver 80.0.3987.106 (f68069574609230cf9b635cd784cfb1bf81bb53a-refs/branch-heads/3987@{#882}) on port 4316
Only local connections are allowed.
Please protect ports used by ChromeDriver and related test frameworks to prevent access by malicious code.
[1586436219.760][WARNING]: Timed out connecting to Chrome, retrying...
Apr 09, 2020 6:13:41 PM org.openqa.selenium.remote.ProtocolHandshake createSession
INFO: Detected dialect: W3C
[1586436223.928][WARNING]: Timed out connecting to Chrome, retrying...
[1586436227.468][SEVERE]: Timed out receiving message from renderer: 0.100
[1586436227.574][SEVERE]: Timed out receiving message from renderer: 0.100
[1586436227.681][SEVERE]: Timed out receiving message from renderer: 0.100
[1586436227.787][SEVERE]: Timed out receiving message from renderer: 0.100
[1586436227.892][SEVERE]: Timed out receiving message from renderer: 0.100
[1586436227.999][SEVERE]: Timed out receiving message from renderer: 0.100
[1586436228.106][SEVERE]: Timed out receiving message from renderer: 0.100
[1586436228.212][SEVERE]: Timed out receiving message from renderer: 0.100
[1586436228.315][SEVERE]: Timed out receiving message from renderer: 0.100
[1586436228.420][SEVERE]: Timed out receiving message from renderer: 0.100
[1586436228.526][SEVERE]: Timed out receiving message from renderer: 0.100
[1586436228.631][SEVERE]: Timed out receiving message from renderer: 0.100
[1586436228.735][SEVERE]: Timed out receiving message from renderer: 0.100
[1586436228.841][SEVERE]: Timed out receiving message from renderer: 0.100
[1586436228.947][SEVERE]: Timed out receiving message from renderer: 0.100
[1586436229.051][SEVERE]: Timed out receiving message from renderer: 0.100
[1586436229.156][SEVERE]: Timed out receiving message from renderer: 0.100
[1586436229.284][SEVERE]: Timed out receiving message from renderer: 0.100
[1586436229.389][SEVERE]: Timed out receiving message from renderer: 0.100
[1586436229.493][SEVERE]: Timed out receiving message from renderer: 0.100
[1586436229.652][SEVERE]: Timed out receiving message from renderer: 0.100
[1586436229.827][SEVERE]: Timed out receiving message from renderer: 0.100
[1586436229.936][SEVERE]: Timed out receiving message from renderer: 0.100
[1586436230.107][SEVERE]: Timed out receiving message from renderer: 0.100
[1586436230.317][SEVERE]: Timed out receiving message from renderer: 0.100
[1586436230.421][SEVERE]: Timed out receiving message from renderer: 0.100
[1586436230.526][SEVERE]: Timed out receiving message from renderer: 0.100
[1586436230.635][SEVERE]: Timed out receiving message from renderer: 0.100
[1586436230.871][SEVERE]: Timed out receiving message from renderer: 0.100
[1586436231.299][SEVERE]: Timed out receiving message from renderer: 0.100
[1586436231.402][SEVERE]: Timed out receiving message from renderer: 0.100
[1586436231.508][SEVERE]: Timed out receiving message from renderer: 0.100
[1586436231.615][SEVERE]: Timed out receiving message from renderer: 0.100
[1586436231.719][SEVERE]: Timed out receiving message from renderer: 0.100
[1586436231.823][SEVERE]: Timed out receiving message from renderer: 0.100
[1586436231.933][SEVERE]: Timed out receiving message from renderer: 0.100
[1586436232.098][SEVERE]: Timed out receiving message from renderer: 0.100
[1586436232.204][SEVERE]: Timed out receiving message from renderer: 0.100
[1586436232.313][SEVERE]: Timed out receiving message from renderer: 0.100
[1586436232.418][SEVERE]: Timed out receiving message from renderer: 0.100
[1586436232.522][SEVERE]: Timed out receiving message from renderer: 0.100
[1586436232.627][SEVERE]: Timed out receiving message from renderer: 0.100
[1586436232.730][SEVERE]: Timed out receiving message from renderer: 0.100
[1586436232.834][SEVERE]: Timed out receiving message from renderer: 0.100
[1586436232.936][SEVERE]: Timed out receiving message from renderer: 0.100
[1586436233.041][SEVERE]: Timed out receiving message from renderer: 0.100
[1586436233.145][SEVERE]: Timed out receiving message from renderer: 0.100
[1586436233.249][SEVERE]: Timed out receiving message from renderer: 0.100
[1586436234.902][SEVERE]: Timed out receiving message from renderer: 0.100
[1586436235.009][SEVERE]: Timed out receiving message from renderer: 0.100
[1586436235.150][SEVERE]: Timed out receiving message from renderer: 0.100
[1586436235.331][SEVERE]: Timed out receiving message from renderer: 0.100
[1586436240.420][WARNING]: Timed out connecting to Chrome, retrying...
[1586436244.430][WARNING]: Timed out connecting to Chrome, retrying...
Apr 09, 2020 6:14:12 PM org.openqa.selenium.support.ui.ExpectedConditions findElement
WARNING: WebDriverException thrown by findElement(By.xpath: //input[@name='email_create'])
org.openqa.selenium.WebDriverException: chrome not reachable
  (Session info: chrome=80.0.3987.163)
Build info: version: '3.6.0', revision: '6fbf3ec767', time: '2017-09-27T15:28:36.4Z'
System info: host: 'LAPTOP-POAGQJIB', ip: '192.168.0.102', os.name: 'Windows 10', os.arch: 'amd64', os.version: '10.0', java.version: '1.8.0_241'
Driver info: org.openqa.selenium.chrome.ChromeDriver
Capabilities [{networkConnectionEnabled=false, chrome={chromedriverVersion=80.0.3987.106 (f68069574609230cf9b635cd784cfb1bf81bb53a-refs/branch-heads/3987@{#882}), userDataDir=C:\Users\Pravin\AppData\Local\Temp\scoped_dir12732_550861276}, timeouts={implicit=0, pageLoad=300000, script=30000}, pageLoadStrategy=normal, unhandledPromptBehavior=dismiss and notify, strictFileInteractability=false, platform=WINDOWS, proxy=Proxy(), goog:chromeOptions={debuggerAddress=localhost:56182}, acceptInsecureCerts=false, browserVersion=80.0.3987.163, browserName=chrome, javascriptEnabled=true, platformName=WINDOWS, setWindowRect=true}]
Session ID: ebc509b710b1200397422277c196f1ed
*** Element info: {Using=xpath, value=//input[@name='email_create']}
	at sun.reflect.NativeConstructorAccessorImpl.newInstance0(Native Method)
	at sun.reflect.NativeConstructorAccessorImpl.newInstance(NativeConstructorAccessorImpl.java:62)
	at sun.reflect.DelegatingConstructorAccessorImpl.newInstance(DelegatingConstructorAccessorImpl.java:45)
	at java.lang.reflect.Constructor.newInstance(Constructor.java:423)
	at org.openqa.selenium.remote.http.W3CHttpResponseCodec.createException(W3CHttpResponseCodec.java:185)
	at org.openqa.selenium.remote.http.W3CHttpResponseCodec.decode(W3CHttpResponseCodec.java:120)
	at org.openqa.selenium.remote.http.W3CHttpResponseCodec.decode(W3CHttpResponseCodec.java:49)
	at org.openqa.selenium.remote.HttpCommandExecutor.execute(HttpCommandExecutor.java:164)
	at org.openqa.selenium.remote.service.DriverCommandExecutor.execute(DriverCommandExecutor.java:83)
	at org.openqa.selenium.remote.RemoteWebDriver.execute(RemoteWebDriver.java:586)
	at org.openqa.selenium.remote.RemoteWebDriver.findElements(RemoteWebDriver.java:383)
	at org.openqa.selenium.remote.RemoteWebDriver.findElementsByXPath(RemoteWebDriver.java:462)
	at org.openqa.selenium.By$ByXPath.findElements(By.java:356)
	at org.openqa.selenium.remote.RemoteWebDriver.findElements(RemoteWebDriver.java:344)
	at org.openqa.selenium.support.ui.ExpectedConditions.findElement(ExpectedConditions.java:881)
	at org.openqa.selenium.support.ui.ExpectedConditions.access$000(ExpectedConditions.java:43)
	at org.openqa.selenium.support.ui.ExpectedConditions$7.apply(ExpectedConditions.java:205)
	at org.openqa.selenium.support.ui.ExpectedConditions$7.apply(ExpectedConditions.java:201)
	at org.openqa.selenium.support.ui.ExpectedConditions$22.apply(ExpectedConditions.java:643)
	at org.openqa.selenium.support.ui.ExpectedConditions$22.apply(ExpectedConditions.java:640)
	at org.openqa.selenium.support.ui.FluentWait.until(FluentWait.java:208)
	at com.Util.Util.wait_elementClickable(Util.java:47)
	at com.Pages.AccountPage.accountCreate(AccountPage.java:20)
	at com.TestScripts.Testcase_1.testcase1(Testcase_1.java:37)
	at sun.reflect.NativeMethodAccessorImpl.invoke0(Native Method)
	at sun.reflect.NativeMethodAccessorImpl.invoke(NativeMethodAccessorImpl.java:62)
	at sun.reflect.DelegatingMethodAccessorImpl.invoke(DelegatingMethodAccessorImpl.java:43)
	at java.lang.reflect.Method.invoke(Method.java:498)
	at org.testng.internal.MethodInvocationHelper.invokeMethod(MethodInvocationHelper.java:108)
	at org.testng.internal.Invoker.invokeMethod(Invoker.java:661)
	at org.testng.internal.Invoker.invokeTestMethod(Invoker.java:869)
	at org.testng.internal.Invoker.invokeTestMethods(Invoker.java:1193)
	at org.testng.internal.TestMethodWorker.invokeTestMethods(TestMethodWorker.java:126)
	at org.testng.internal.TestMethodWorker.run(TestMethodWorker.java:109)
	at org.testng.TestRunner.privateRun(TestRunner.java:744)
	at org.testng.TestRunner.run(TestRunner.java:602)
	at org.testng.SuiteRunner.runTest(SuiteRunner.java:380)
	at org.testng.SuiteRunner.runSequentially(SuiteRunner.java:375)
	at org.testng.SuiteRunner.privateRun(SuiteRunner.java:340)
	at org.testng.SuiteRunner.run(SuiteRunner.java:289)
	at org.testng.SuiteRunnerWorker.runSuite(SuiteRunnerWorker.java:52)
	at org.testng.SuiteRunnerWorker.run(SuiteRunnerWorker.java:86)
	at org.testng.TestNG.runSuitesSequentially(TestNG.java:1301)
	at org.testng.TestNG.runSuitesLocally(TestNG.java:1226)
	at org.testng.TestNG.runSuites(TestNG.java:1144)
	at org.testng.TestNG.run(TestNG.java:1115)
	at org.apache.maven.surefire.testng.TestNGExecutor.run(TestNGExecutor.java:178)
	at org.apache.maven.surefire.testng.TestNGXmlTestSuite.execute(TestNGXmlTestSuite.java:92)
	at org.apache.maven.surefire.testng.TestNGProvider.invoke(TestNGProvider.java:96)
	at sun.reflect.NativeMethodAccessorImpl.invoke0(Native Method)
	at sun.reflect.NativeMethodAccessorImpl.invoke(NativeMethodAccessorImpl.java:62)
	at sun.reflect.DelegatingMethodAccessorImpl.invoke(DelegatingMethodAccessorImpl.java:43)
	at java.lang.reflect.Method.invoke(Method.java:498)
	at org.apache.maven.surefire.util.ReflectionUtils.invokeMethodWithArray2(ReflectionUtils.java:208)
	at org.apache.maven.surefire.booter.ProviderFactory$ProviderProxy.invoke(ProviderFactory.java:159)
	at org.apache.maven.surefire.booter.ProviderFactory.invokeProvider(ProviderFactory.java:87)
	at org.apache.maven.surefire.booter.ForkedBooter.runSuitesInProcess(ForkedBooter.java:153)
	at org.apache.maven.surefire.booter.ForkedBooter.main(ForkedBooter.java:95)

</system-err>
  </testcase>
</testsuite>