<?xml version="1.0" encoding="UTF-8"?>
<testng-results skipped="0" failed="0" ignored="0" total="1" passed="1">
  <reporter-output>
  </reporter-output>
  <suite name="Testscripts A" duration-ms="45297" started-at="2020-04-09T12:47:45Z" finished-at="2020-04-09T12:48:31Z">
    <groups>
    </groups>
    <test name="testscript A1" duration-ms="45297" started-at="2020-04-09T12:47:45Z" finished-at="2020-04-09T12:48:31Z">
      <class name="com.TestScripts.Testcase_1">
        <test-method status="PASS" signature="testcase1()[pri:0, instance:com.TestScripts.Testcase_1@4520ebad]" name="testcase1" duration-ms="45283" started-at="2020-04-09T18:17:45Z" finished-at="2020-04-09T18:18:31Z">
          <reporter-output>
          </reporter-output>
        </test-method> <!-- testcase1 -->
      </class> <!-- com.TestScripts.Testcase_1 -->
    </test> <!-- testscript A1 -->
  </suite> <!-- Testscripts A -->
</testng-results>
